<?xml version="1.0" encoding="UTF-8"?>
<robot generator="Robot 4.1 (Python 3.9.6 on win32)" generated="20211025 22:32:11.454" rpa="false" schemaversion="2">
<suite id="s1" name="Login" source="C:\Users\yahak\IdeaProjects\tesbuka\src\login.robot">
<test id="s1-t1" name="Login Success">
<kw name="Buka Browser">
<kw name="Open Browser" library="SeleniumLibrary">
<arg>${address_Bukalapak}</arg>
<arg>chrome</arg>
<doc>Opens a new browser instance to the optional ``url``.</doc>
<msg timestamp="20211025 22:32:11.753" level="INFO">Opening browser 'chrome' to base url 'https://www.bukalapak.com/'.</msg>
<status status="PASS" starttime="20211025 22:32:11.753" endtime="20211025 22:32:15.343"/>
</kw>
<kw name="Maximize Browser Window" library="SeleniumLibrary">
<doc>Maximizes current browser window.</doc>
<status status="PASS" starttime="20211025 22:32:15.343" endtime="20211025 22:32:15.624"/>
</kw>
<kw name="Wait Until Element Is Visible" library="SeleniumLibrary">
<arg>${img_LogoBukalapak}</arg>
<arg>30</arg>
<doc>Waits until the element ``locator`` is visible.</doc>
<status status="PASS" starttime="20211025 22:32:15.624" endtime="20211025 22:32:15.701"/>
</kw>
<status status="PASS" starttime="20211025 22:32:11.753" endtime="20211025 22:32:15.701"/>
</kw>
<kw name="Login">
<kw name="Click Element" library="SeleniumLibrary">
<arg>${btn_Login}</arg>
<doc>Click the element identified by ``locator``.</doc>
<msg timestamp="20211025 22:32:15.702" level="INFO">Clicking element '//div[@class="bl-flex-item"]/div/a[2]'.</msg>
<status status="PASS" starttime="20211025 22:32:15.702" endtime="20211025 22:32:16.716"/>
</kw>
<kw name="Wait Until Element Is Visible" library="SeleniumLibrary">
<arg>${input_id}</arg>
<arg>30</arg>
<doc>Waits until the element ``locator`` is visible.</doc>
<status status="PASS" starttime="20211025 22:32:16.716" endtime="20211025 22:32:16.737"/>
</kw>
<status status="PASS" starttime="20211025 22:32:15.701" endtime="20211025 22:32:16.737"/>
</kw>
<kw name="Input Id">
<kw name="Input Text" library="SeleniumLibrary">
<arg>${input_id}</arg>
<arg>${id}</arg>
<doc>Types the given ``text`` into the text field identified by ``locator``.</doc>
<msg timestamp="20211025 22:32:16.738" level="INFO">Typing text 'akuakunbotreg1@gmail.com' into text field 'user_identity_textfield'.</msg>
<status status="PASS" starttime="20211025 22:32:16.738" endtime="20211025 22:32:16.857"/>
</kw>
<kw name="Click Element" library="SeleniumLibrary">
<arg>${btn_id}</arg>
<doc>Click the element identified by ``locator``.</doc>
<msg timestamp="20211025 22:32:16.858" level="INFO">Clicking element 'submit_button'.</msg>
<status status="PASS" starttime="20211025 22:32:16.857" endtime="20211025 22:32:16.903"/>
</kw>
<kw name="Wait Until Element Is Visible" library="SeleniumLibrary">
<arg>${input_password}</arg>
<arg>30</arg>
<doc>Waits until the element ``locator`` is visible.</doc>
<status status="PASS" starttime="20211025 22:32:16.903" endtime="20211025 22:32:17.152"/>
</kw>
<status status="PASS" starttime="20211025 22:32:16.737" endtime="20211025 22:32:17.152"/>
</kw>
<kw name="Input User Password">
<arg>${password_success}</arg>
<kw name="Input Password" library="SeleniumLibrary">
<arg>${input_password}</arg>
<arg>${password}</arg>
<doc>Types the given password into the text field identified by ``locator``.</doc>
<msg timestamp="20211025 22:32:17.154" level="INFO">Typing password into text field 'input-password'.</msg>
<msg timestamp="20211025 22:32:17.183" level="INFO">Temporally setting log level to: NONE</msg>
<msg timestamp="20211025 22:32:17.243" level="INFO">Log level changed from NONE to INFO.</msg>
<status status="PASS" starttime="20211025 22:32:17.154" endtime="20211025 22:32:17.243"/>
</kw>
<status status="PASS" starttime="20211025 22:32:17.152" endtime="20211025 22:32:17.244"/>
</kw>
<kw name="Klik Submit Login">
<kw name="Click Element" library="SeleniumLibrary">
<arg>${btn_submit_login}</arg>
<doc>Click the element identified by ``locator``.</doc>
<msg timestamp="20211025 22:32:17.245" level="INFO">Clicking element 'btn-login'.</msg>
<status status="PASS" starttime="20211025 22:32:17.245" endtime="20211025 22:32:17.291"/>
</kw>
<status status="PASS" starttime="20211025 22:32:17.244" endtime="20211025 22:32:17.291"/>
</kw>
<kw name="Verif Login">
<kw name="Element Should Not Be Visible" library="SeleniumLibrary">
<arg>${btn_Login}</arg>
<doc>Verifies that the element identified by ``locator`` is NOT visible.</doc>
<msg timestamp="20211025 22:32:17.298" level="INFO">Element '//div[@class="bl-flex-item"]/div/a[2]' did not exist.</msg>
<status status="PASS" starttime="20211025 22:32:17.292" endtime="20211025 22:32:17.299"/>
</kw>
<status status="PASS" starttime="20211025 22:32:17.292" endtime="20211025 22:32:17.299"/>
</kw>
<kw name="Tutup Browser">
<kw name="Close Browser" library="SeleniumLibrary">
<doc>Closes the current browser.</doc>
<status status="PASS" starttime="20211025 22:32:17.299" endtime="20211025 22:32:19.474"/>
</kw>
<status status="PASS" starttime="20211025 22:32:17.299" endtime="20211025 22:32:19.474"/>
</kw>
<status status="PASS" starttime="20211025 22:32:11.752" endtime="20211025 22:32:19.475"/>
</test>
<test id="s1-t2" name="Login Failed">
<kw name="Buka Browser">
<kw name="Open Browser" library="SeleniumLibrary">
<arg>${address_Bukalapak}</arg>
<arg>chrome</arg>
<doc>Opens a new browser instance to the optional ``url``.</doc>
<msg timestamp="20211025 22:32:19.477" level="INFO">Opening browser 'chrome' to base url 'https://www.bukalapak.com/'.</msg>
<status status="PASS" starttime="20211025 22:32:19.476" endtime="20211025 22:32:23.229"/>
</kw>
<kw name="Maximize Browser Window" library="SeleniumLibrary">
<doc>Maximizes current browser window.</doc>
<status status="PASS" starttime="20211025 22:32:23.229" endtime="20211025 22:32:23.464"/>
</kw>
<kw name="Wait Until Element Is Visible" library="SeleniumLibrary">
<arg>${img_LogoBukalapak}</arg>
<arg>30</arg>
<doc>Waits until the element ``locator`` is visible.</doc>
<status status="PASS" starttime="20211025 22:32:23.465" endtime="20211025 22:32:23.617"/>
</kw>
<status status="PASS" starttime="20211025 22:32:19.476" endtime="20211025 22:32:23.617"/>
</kw>
<kw name="Login">
<kw name="Click Element" library="SeleniumLibrary">
<arg>${btn_Login}</arg>
<doc>Click the element identified by ``locator``.</doc>
<msg timestamp="20211025 22:32:23.619" level="INFO">Clicking element '//div[@class="bl-flex-item"]/div/a[2]'.</msg>
<status status="PASS" starttime="20211025 22:32:23.618" endtime="20211025 22:32:24.660"/>
</kw>
<kw name="Wait Until Element Is Visible" library="SeleniumLibrary">
<arg>${input_id}</arg>
<arg>30</arg>
<doc>Waits until the element ``locator`` is visible.</doc>
<status status="PASS" starttime="20211025 22:32:24.660" endtime="20211025 22:32:24.686"/>
</kw>
<status status="PASS" starttime="20211025 22:32:23.618" endtime="20211025 22:32:24.687"/>
</kw>
<kw name="Input Id">
<kw name="Input Text" library="SeleniumLibrary">
<arg>${input_id}</arg>
<arg>${id}</arg>
<doc>Types the given ``text`` into the text field identified by ``locator``.</doc>
<msg timestamp="20211025 22:32:24.688" level="INFO">Typing text 'akuakunbotreg1@gmail.com' into text field 'user_identity_textfield'.</msg>
<status status="PASS" starttime="20211025 22:32:24.687" endtime="20211025 22:32:24.828"/>
</kw>
<kw name="Click Element" library="SeleniumLibrary">
<arg>${btn_id}</arg>
<doc>Click the element identified by ``locator``.</doc>
<msg timestamp="20211025 22:32:24.829" level="INFO">Clicking element 'submit_button'.</msg>
<status status="PASS" starttime="20211025 22:32:24.828" endtime="20211025 22:32:24.891"/>
</kw>
<kw name="Wait Until Element Is Visible" library="SeleniumLibrary">
<arg>${input_password}</arg>
<arg>30</arg>
<doc>Waits until the element ``locator`` is visible.</doc>
<status status="PASS" starttime="20211025 22:32:24.891" endtime="20211025 22:32:25.153"/>
</kw>
<status status="PASS" starttime="20211025 22:32:24.687" endtime="20211025 22:32:25.153"/>
</kw>
<kw name="Input User Password">
<arg>${password_fail}</arg>
<kw name="Input Password" library="SeleniumLibrary">
<arg>${input_password}</arg>
<arg>${password}</arg>
<doc>Types the given password into the text field identified by ``locator``.</doc>
<msg timestamp="20211025 22:32:25.155" level="INFO">Typing password into text field 'input-password'.</msg>
<msg timestamp="20211025 22:32:25.197" level="INFO">Temporally setting log level to: NONE</msg>
<msg timestamp="20211025 22:32:25.273" level="INFO">Log level changed from NONE to INFO.</msg>
<status status="PASS" starttime="20211025 22:32:25.155" endtime="20211025 22:32:25.273"/>
</kw>
<status status="PASS" starttime="20211025 22:32:25.155" endtime="20211025 22:32:25.273"/>
</kw>
<kw name="Klik Submit Login">
<kw name="Click Element" library="SeleniumLibrary">
<arg>${btn_submit_login}</arg>
<doc>Click the element identified by ``locator``.</doc>
<msg timestamp="20211025 22:32:25.274" level="INFO">Clicking element 'btn-login'.</msg>
<status status="PASS" starttime="20211025 22:32:25.274" endtime="20211025 22:32:25.323"/>
</kw>
<status status="PASS" starttime="20211025 22:32:25.274" endtime="20211025 22:32:25.323"/>
</kw>
<kw name="Verif Failed Login">
<kw name="Wait Until Element Is Visible" library="SeleniumLibrary">
<arg>${lbl_errorpass}</arg>
<arg>30</arg>
<doc>Waits until the element ``locator`` is visible.</doc>
<status status="PASS" starttime="20211025 22:32:25.324" endtime="20211025 22:32:25.560"/>
</kw>
<kw name="Element Text Should Be" library="SeleniumLibrary">
<arg>${lbl_errorpass}</arg>
<arg>Password yang kamu masukkan salah. Silakan coba lagi.</arg>
<doc>Verifies that element ``locator`` contains exact the text ``expected``.</doc>
<msg timestamp="20211025 22:32:25.560" level="INFO">Verifying element '//div[@class="bl-text-field has-value is-error"]//div[@class="bl-text-field__message"]/p' contains exact text 'Password yang kamu masukkan salah. Silakan coba lagi.'.</msg>
<status status="PASS" starttime="20211025 22:32:25.560" endtime="20211025 22:32:25.579"/>
</kw>
<status status="PASS" starttime="20211025 22:32:25.324" endtime="20211025 22:32:25.579"/>
</kw>
<kw name="Tutup Browser">
<kw name="Close Browser" library="SeleniumLibrary">
<doc>Closes the current browser.</doc>
<status status="PASS" starttime="20211025 22:32:25.580" endtime="20211025 22:32:27.776"/>
</kw>
<status status="PASS" starttime="20211025 22:32:25.580" endtime="20211025 22:32:27.776"/>
</kw>
<status status="PASS" starttime="20211025 22:32:19.475" endtime="20211025 22:32:27.777"/>
</test>
<status status="PASS" starttime="20211025 22:32:11.456" endtime="20211025 22:32:27.778"/>
</suite>
<statistics>
<total>
<stat pass="2" fail="0" skip="0">All Tests</stat>
</total>
<tag>
</tag>
<suite>
<stat pass="2" fail="0" skip="0" id="s1" name="Login">Login</stat>
</suite>
</statistics>
<errors>
</errors>
</robot>
